<?xml version="1.0" encoding="UTF-8" ?>
<testsuite tests="2" failures="0" name="com.m800.akka.fileOperations.fileActorSystem.FileActorsUnitTest" time="0.061" errors="0" skipped="0">
  <properties>
[...]
</properties>
  <testcase classname="com.m800.akka.fileOperations.fileActorSystem.FileActorsUnitTest" name="givenAnActor_sendHimAMessageUsingAsk" time="0.051"/>
  <testcase classname="com.m800.akka.fileOperations.fileActorSystem.FileActorsUnitTest" name="givenAnActor_whenTheMessageIsNull_respondWithException" time="0.01"/>
</testsuite>